<?xml version="1.0" encoding="UTF-8"?>
<testsuite xmlns:xsi="http://www.w3.org/2001/XMLSchema-instance" xsi:noNamespaceSchemaLocation="https://maven.apache.org/surefire/maven-surefire-plugin/xsd/surefire-test-report-3.0.xsd" version="3.0" name="adt.heap.StudentMaxHeapTest" time="0.052" tests="4" errors="0" skipped="0" failures="0">
  <properties>
[...]
</properties>
  <testcase name="testBuild" classname="adt.heap.StudentMaxHeapTest" time="0.005"/>
  <testcase name="testSort" classname="adt.heap.StudentMaxHeapTest" time="0.001"/>
  <testcase name="testInsert" classname="adt.heap.StudentMaxHeapTest" time="0"/>
  <testcase name="testRemove" classname="adt.heap.StudentMaxHeapTest" time="0"/>
</testsuite>